[GIN] 2018/07/31 - 17:53:44 | 200 |    4.216548ms |             ::1 | GET      /metadata/categories
[GIN] 2018/07/31 - 17:53:45 | 200 |   23.545642ms |             ::1 | GET      /metadata/report/listAll
[GIN] 2018/07/31 - 17:53:47 | 200 |     5.27593ms |             ::1 | GET      /metadata/report/findReport?fieldName=uid&keyWord=1aa0ad7c-a8dd-4702-b62a-b77c9fc84129
[GIN] 2018/07/31 - 17:53:47 | 200 |    2.041932ms |             ::1 | GET      /metadata/report/getQueryColumn?uid=1aa0ad7c-a8dd-4702-b62a-b77c9fc84129
[GIN] 2018/07/31 - 17:53:58 | 200 |  8.453947582s |             ::1 | POST     /metadata/report/table/getData.json?uid=1aa0ad7c-a8dd-4702-b62a-b77c9fc84129
[GIN] 2018/07/31 - 17:54:08 | 200 |       6.007µs |             ::1 | OPTIONS  /metadata/report/table/getData.json?uid=1aa0ad7c-a8dd-4702-b62a-b77c9fc84129
[GIN] 2018/07/31 - 17:54:16 | 200 |  8.673062202s |             ::1 | POST     /metadata/report/table/getData.json?uid=1aa0ad7c-a8dd-4702-b62a-b77c9fc84129
[GIN] 2018/07/31 - 17:54:53 | 200 |       5.699µs |             ::1 | OPTIONS  /metadata/report/table/getData.json?uid=1aa0ad7c-a8dd-4702-b62a-b77c9fc84129
[GIN] 2018/07/31 - 17:54:54 | 200 |   74.067855ms |             ::1 | POST     /metadata/report/table/getData.json?uid=1aa0ad7c-a8dd-4702-b62a-b77c9fc84129
[GIN] 2018/07/31 - 17:57:15 | 200 |    2.887885ms |             ::1 | GET      /metadata/report/findReport?fieldName=uid&keyWord=1aa0ad7c-a8dd-4702-b62a-b77c9fc84129
[GIN] 2018/07/31 - 17:57:15 | 200 |    3.961589ms |             ::1 | GET      /metadata/report/getQueryColumn?uid=1aa0ad7c-a8dd-4702-b62a-b77c9fc84129
[GIN] 2018/07/31 - 17:57:21 | 200 |    2.995372ms |             ::1 | GET      /metadata/report/findReport?fieldName=uid&keyWord=1aa0ad7c-a8dd-4702-b62a-b77c9fc84129
[GIN] 2018/07/31 - 17:57:21 | 200 |    1.769918ms |             ::1 | GET      /metadata/report/getQueryColumn?uid=1aa0ad7c-a8dd-4702-b62a-b77c9fc84129
[GIN] 2018/07/31 - 17:59:19 | 200 |    2.788227ms |             ::1 | GET      /metadata/report/findReport?fieldName=uid&keyWord=1aa0ad7c-a8dd-4702-b62a-b77c9fc84129
[GIN] 2018/07/31 - 17:59:19 | 200 |    1.964815ms |             ::1 | GET      /metadata/report/getQueryColumn?uid=1aa0ad7c-a8dd-4702-b62a-b77c9fc84129
[GIN] 2018/07/31 - 17:59:42 | 200 |    3.351934ms |             ::1 | GET      /metadata/report/findReport?fieldName=uid&keyWord=1aa0ad7c-a8dd-4702-b62a-b77c9fc84129
[GIN] 2018/07/31 - 17:59:42 | 200 |    1.773506ms |             ::1 | GET      /metadata/report/getQueryColumn?uid=1aa0ad7c-a8dd-4702-b62a-b77c9fc84129
[GIN] 2018/07/31 - 17:59:44 | 200 |    3.049051ms |             ::1 | GET      /metadata/report/findReport?fieldName=uid&keyWord=1aa0ad7c-a8dd-4702-b62a-b77c9fc84129
[GIN] 2018/07/31 - 17:59:44 | 200 |    1.731173ms |             ::1 | GET      /metadata/report/getQueryColumn?uid=1aa0ad7c-a8dd-4702-b62a-b77c9fc84129
[GIN] 2018/07/31 - 18:00:24 | 404 |       1.585µs |             ::1 | GET      /metadata/report/table/getData.json?uid=1aa0ad7c-a8dd-4702-b62a-b77c9fc84129
[GIN] 2018/07/31 - 18:00:24 | 404 |       1.148µs |             ::1 | GET      /favicon.ico
[GIN] 2018/07/31 - 18:01:57 | 200 |    5.193884ms |             ::1 | GET      /metadata/report/findReport?fieldName=uid&keyWord=1aa0ad7c-a8dd-4702-b62a-b77c9fc84129
[GIN] 2018/07/31 - 18:01:57 | 200 |    1.989415ms |             ::1 | GET      /metadata/report/getQueryColumn?uid=1aa0ad7c-a8dd-4702-b62a-b77c9fc84129
[GIN] 2018/07/31 - 18:02:00 | 200 |    6.025923ms |             ::1 | GET      /metadata/categories
[GIN] 2018/07/31 - 18:02:00 | 200 |   27.090982ms |             ::1 | GET      /metadata/report/listAll
[GIN] 2018/07/31 - 18:02:04 | 200 |    2.749506ms |             ::1 | GET      /metadata/report/findReport?fieldName=uid&keyWord=1aa0ad7c-a8dd-4702-b62a-b77c9fc84129
[GIN] 2018/07/31 - 18:02:04 | 200 |    1.924623ms |             ::1 | GET      /metadata/report/getQueryColumn?uid=1aa0ad7c-a8dd-4702-b62a-b77c9fc84129
[GIN] 2018/07/31 - 18:02:07 | 200 |       7.922µs |             ::1 | OPTIONS  /metadata/report/table/getData.json?uid=1aa0ad7c-a8dd-4702-b62a-b77c9fc84129
[GIN] 2018/07/31 - 18:02:15 | 200 |  7.890567613s |             ::1 | POST     /metadata/report/table/getData.json?uid=1aa0ad7c-a8dd-4702-b62a-b77c9fc84129
[GIN] 2018/07/31 - 18:03:26 | 200 |    5.061991ms |             ::1 | GET      /metadata/categories
[GIN] 2018/07/31 - 18:03:26 | 200 |    23.66314ms |             ::1 | GET      /metadata/report/listAll
[GIN] 2018/07/31 - 18:03:30 | 200 |    3.010687ms |             ::1 | GET      /metadata/report/findReport?fieldName=uid&keyWord=7ec01250-8e0a-46c8-80ce-ec64316fedf2
[GIN] 2018/07/31 - 18:03:30 | 200 |    1.731222ms |             ::1 | GET      /metadata/report/getQueryColumn?uid=7ec01250-8e0a-46c8-80ce-ec64316fedf2
[GIN] 2018/07/31 - 18:03:34 | 200 |       6.162µs |             ::1 | OPTIONS  /metadata/report/table/getData.json?uid=7ec01250-8e0a-46c8-80ce-ec64316fedf2
[GIN] 2018/07/31 - 18:03:34 | 500 |   17.444347ms |             ::1 | POST     /metadata/report/table/getData.json?uid=7ec01250-8e0a-46c8-80ce-ec64316fedf2
